::1 - - [09/Dec/2020:20:48:14 +0000] "GET /home HTTP/1.1" 304 - "-" "Mozilla/5.0 (Windows NT 10.0; Win64; x64) AppleWebKit/537.36 (KHTML, like Gecko) Chrome/87.0.4280.88 Safari/537.36"
::1 - - [09/Dec/2020:20:48:14 +0000] "GET /CSS/footer.scss HTTP/1.1" 404 154 "http://localhost:8000/home" "Mozilla/5.0 (Windows NT 10.0; Win64; x64) AppleWebKit/537.36 (KHTML, like Gecko) Chrome/87.0.4280.88 Safari/537.36"
::1 - - [09/Dec/2020:21:06:59 +0000] "GET /home HTTP/1.1" 304 - "-" "Mozilla/5.0 (Windows NT 10.0; Win64; x64) AppleWebKit/537.36 (KHTML, like Gecko) Chrome/87.0.4280.88 Safari/537.36"
::1 - - [09/Dec/2020:21:06:59 +0000] "GET /CSS/footer.scss HTTP/1.1" 404 154 "http://localhost:8000/home" "Mozilla/5.0 (Windows NT 10.0; Win64; x64) AppleWebKit/537.36 (KHTML, like Gecko) Chrome/87.0.4280.88 Safari/537.36"
::1 - - [09/Dec/2020:21:06:59 +0000] "GET /CSS/footer.scss HTTP/1.1" 404 154 "http://localhost:8000/home" "Mozilla/5.0 (Windows NT 10.0; Win64; x64) AppleWebKit/537.36 (KHTML, like Gecko) Chrome/87.0.4280.88 Safari/537.36"
::1 - - [10/Dec/2020:15:07:37 +0000] "GET /home HTTP/1.1" 304 - "-" "Mozilla/5.0 (Windows NT 10.0; Win64; x64) AppleWebKit/537.36 (KHTML, like Gecko) Chrome/87.0.4280.88 Safari/537.36"
::1 - - [10/Dec/2020:15:07:37 +0000] "GET /CSS/footer.scss HTTP/1.1" 404 154 "http://localhost:8000/home" "Mozilla/5.0 (Windows NT 10.0; Win64; x64) AppleWebKit/537.36 (KHTML, like Gecko) Chrome/87.0.4280.88 Safari/537.36"
::1 - - [10/Dec/2020:15:07:39 +0000] "GET /CSS/footer.scss HTTP/1.1" 404 154 "http://localhost:8000/home" "Mozilla/5.0 (Windows NT 10.0; Win64; x64) AppleWebKit/537.36 (KHTML, like Gecko) Chrome/87.0.4280.88 Safari/537.36"
::1 - - [10/Dec/2020:15:07:40 +0000] "GET /favicon.ico HTTP/1.1" 404 150 "http://localhost:8000/home" "Mozilla/5.0 (Windows NT 10.0; Win64; x64) AppleWebKit/537.36 (KHTML, like Gecko) Chrome/87.0.4280.88 Safari/537.36"
::1 - - [10/Dec/2020:15:08:14 +0000] "GET /CSS/footer.scss HTTP/1.1" 404 154 "http://localhost:8000/home" "Mozilla/5.0 (Windows NT 10.0; Win64; x64) AppleWebKit/537.36 (KHTML, like Gecko) Chrome/87.0.4280.88 Safari/537.36"
::1 - - [10/Dec/2020:15:08:31 +0000] "GET /home HTTP/1.1" 304 - "-" "Mozilla/5.0 (Windows NT 10.0; Win64; x64) AppleWebKit/537.36 (KHTML, like Gecko) Chrome/87.0.4280.88 Safari/537.36"
::1 - - [10/Dec/2020:15:08:31 +0000] "GET /CSS/footer.scss HTTP/1.1" 404 154 "http://localhost:8000/home" "Mozilla/5.0 (Windows NT 10.0; Win64; x64) AppleWebKit/537.36 (KHTML, like Gecko) Chrome/87.0.4280.88 Safari/537.36"
::1 - - [10/Dec/2020:15:10:31 +0000] "GET /home HTTP/1.1" 304 - "-" "Mozilla/5.0 (Windows NT 10.0; Win64; x64) AppleWebKit/537.36 (KHTML, like Gecko) Chrome/87.0.4280.88 Safari/537.36"
::1 - - [10/Dec/2020:15:10:31 +0000] "GET /CSS/footer.scss HTTP/1.1" 404 154 "http://localhost:8000/home" "Mozilla/5.0 (Windows NT 10.0; Win64; x64) AppleWebKit/537.36 (KHTML, like Gecko) Chrome/87.0.4280.88 Safari/537.36"
::1 - - [10/Dec/2020:15:10:32 +0000] "GET /CSS/footer.scss HTTP/1.1" 404 154 "http://localhost:8000/home" "Mozilla/5.0 (Windows NT 10.0; Win64; x64) AppleWebKit/537.36 (KHTML, like Gecko) Chrome/87.0.4280.88 Safari/537.36"
::1 - - [10/Dec/2020:15:11:00 +0000] "GET /signin/page HTTP/1.1" 304 - "http://localhost:8000/home" "Mozilla/5.0 (Windows NT 10.0; Win64; x64) AppleWebKit/537.36 (KHTML, like Gecko) Chrome/87.0.4280.88 Safari/537.36"
::1 - - [10/Dec/2020:15:11:00 +0000] "GET /CSS/footer.scss HTTP/1.1" 404 154 "http://localhost:8000/signin/page" "Mozilla/5.0 (Windows NT 10.0; Win64; x64) AppleWebKit/537.36 (KHTML, like Gecko) Chrome/87.0.4280.88 Safari/537.36"
::1 - - [10/Dec/2020:15:11:00 +0000] "GET /CSS/footer.scss HTTP/1.1" 404 154 "http://localhost:8000/signin/page" "Mozilla/5.0 (Windows NT 10.0; Win64; x64) AppleWebKit/537.36 (KHTML, like Gecko) Chrome/87.0.4280.88 Safari/537.36"
::1 - - [10/Dec/2020:15:11:05 +0000] "POST /signin HTTP/1.1" 302 68 "http://localhost:8000/signin/page" "Mozilla/5.0 (Windows NT 10.0; Win64; x64) AppleWebKit/537.36 (KHTML, like Gecko) Chrome/87.0.4280.88 Safari/537.36"
::1 - - [10/Dec/2020:15:11:05 +0000] "GET /signin/page HTTP/1.1" 200 2197 "http://localhost:8000/signin/page" "Mozilla/5.0 (Windows NT 10.0; Win64; x64) AppleWebKit/537.36 (KHTML, like Gecko) Chrome/87.0.4280.88 Safari/537.36"
::1 - - [10/Dec/2020:15:11:05 +0000] "GET /CSS/footer.scss HTTP/1.1" 404 154 "http://localhost:8000/signin/page" "Mozilla/5.0 (Windows NT 10.0; Win64; x64) AppleWebKit/537.36 (KHTML, like Gecko) Chrome/87.0.4280.88 Safari/537.36"
::1 - - [10/Dec/2020:15:11:12 +0000] "POST /signin HTTP/1.1" 302 68 "http://localhost:8000/signin/page" "Mozilla/5.0 (Windows NT 10.0; Win64; x64) AppleWebKit/537.36 (KHTML, like Gecko) Chrome/87.0.4280.88 Safari/537.36"
::1 - - [10/Dec/2020:15:11:12 +0000] "GET /signin/page HTTP/1.1" 304 - "http://localhost:8000/signin/page" "Mozilla/5.0 (Windows NT 10.0; Win64; x64) AppleWebKit/537.36 (KHTML, like Gecko) Chrome/87.0.4280.88 Safari/537.36"
::1 - - [10/Dec/2020:15:11:12 +0000] "GET /CSS/footer.scss HTTP/1.1" 404 154 "http://localhost:8000/signin/page" "Mozilla/5.0 (Windows NT 10.0; Win64; x64) AppleWebKit/537.36 (KHTML, like Gecko) Chrome/87.0.4280.88 Safari/537.36"
::1 - - [10/Dec/2020:15:11:15 +0000] "GET /auth/google HTTP/1.1" 302 0 "http://localhost:8000/signin/page" "Mozilla/5.0 (Windows NT 10.0; Win64; x64) AppleWebKit/537.36 (KHTML, like Gecko) Chrome/87.0.4280.88 Safari/537.36"
::1 - - [10/Dec/2020:15:11:23 +0000] "GET /user/auth/google/callback?code=4%2F0AY0e-g43AG4VbbDnIIDb0zI7Xk-sJ08l13mU4STM3CpUzSieDRL_WoJTZhv_Okz5MCeiCA&scope=email+profile+https%3A%2F%2Fwww.googleapis.com%2Fauth%2Fuserinfo.profile+https%3A%2F%2Fwww.googleapis.com%2Fauth%2Fuserinfo.email+openid&authuser=0&prompt=consent HTTP/1.1" 500 148 "-" "Mozilla/5.0 (Windows NT 10.0; Win64; x64) AppleWebKit/537.36 (KHTML, like Gecko) Chrome/87.0.4280.88 Safari/537.36"
::1 - - [10/Dec/2020:15:11:34 +0000] "GET /signin/page HTTP/1.1" 200 1968 "http://localhost:8000/signin/page" "Mozilla/5.0 (Windows NT 10.0; Win64; x64) AppleWebKit/537.36 (KHTML, like Gecko) Chrome/87.0.4280.88 Safari/537.36"
::1 - - [10/Dec/2020:15:11:34 +0000] "GET /CSS/footer.scss HTTP/1.1" 404 154 "http://localhost:8000/signin/page" "Mozilla/5.0 (Windows NT 10.0; Win64; x64) AppleWebKit/537.36 (KHTML, like Gecko) Chrome/87.0.4280.88 Safari/537.36"
::1 - - [10/Dec/2020:15:11:36 +0000] "GET /home HTTP/1.1" 304 - "http://localhost:8000/signin/page" "Mozilla/5.0 (Windows NT 10.0; Win64; x64) AppleWebKit/537.36 (KHTML, like Gecko) Chrome/87.0.4280.88 Safari/537.36"
::1 - - [10/Dec/2020:15:11:36 +0000] "GET /CSS/footer.scss HTTP/1.1" 404 154 "http://localhost:8000/home" "Mozilla/5.0 (Windows NT 10.0; Win64; x64) AppleWebKit/537.36 (KHTML, like Gecko) Chrome/87.0.4280.88 Safari/537.36"
::1 - - [10/Dec/2020:17:55:20 +0000] "GET /home HTTP/1.1" 304 - "-" "Mozilla/5.0 (Windows NT 10.0; Win64; x64) AppleWebKit/537.36 (KHTML, like Gecko) Chrome/87.0.4280.88 Safari/537.36"
::1 - - [10/Dec/2020:17:55:20 +0000] "GET /CSS/footer.scss HTTP/1.1" 404 154 "http://localhost:8000/home" "Mozilla/5.0 (Windows NT 10.0; Win64; x64) AppleWebKit/537.36 (KHTML, like Gecko) Chrome/87.0.4280.88 Safari/537.36"
::1 - - [10/Dec/2020:17:55:21 +0000] "GET /CSS/footer.scss HTTP/1.1" 404 154 "http://localhost:8000/home" "Mozilla/5.0 (Windows NT 10.0; Win64; x64) AppleWebKit/537.36 (KHTML, like Gecko) Chrome/87.0.4280.88 Safari/537.36"
::1 - - [10/Dec/2020:17:56:39 +0000] "GET /home HTTP/1.1" 304 - "-" "Mozilla/5.0 (Windows NT 10.0; Win64; x64) AppleWebKit/537.36 (KHTML, like Gecko) Chrome/87.0.4280.88 Safari/537.36"
::1 - - [10/Dec/2020:17:56:39 +0000] "GET /CSS/footer.scss HTTP/1.1" 404 154 "http://localhost:8000/home" "Mozilla/5.0 (Windows NT 10.0; Win64; x64) AppleWebKit/537.36 (KHTML, like Gecko) Chrome/87.0.4280.88 Safari/537.36"
::ffff:127.0.0.1 - - [10/Dec/2020:17:57:29 +0000] "GET /home HTTP/1.1" 304 - "-" "Mozilla/5.0 (Windows NT 10.0; Win64; x64) AppleWebKit/537.36 (KHTML, like Gecko) Chrome/87.0.4280.88 Safari/537.36"
::1 - - [10/Dec/2020:17:57:29 +0000] "GET /CSS/footer.scss HTTP/1.1" 404 154 "http://localhost:8000/home" "Mozilla/5.0 (Windows NT 10.0; Win64; x64) AppleWebKit/537.36 (KHTML, like Gecko) Chrome/87.0.4280.88 Safari/537.36"
::ffff:127.0.0.1 - - [10/Dec/2020:17:57:29 +0000] "GET /CSS/footer.scss HTTP/1.1" 404 154 "http://localhost:8000/home" "Mozilla/5.0 (Windows NT 10.0; Win64; x64) AppleWebKit/537.36 (KHTML, like Gecko) Chrome/87.0.4280.88 Safari/537.36"
::1 - - [10/Dec/2020:17:57:32 +0000] "GET /CSS/footer.scss HTTP/1.1" 404 154 "http://localhost:8000/home" "Mozilla/5.0 (Windows NT 10.0; Win64; x64) AppleWebKit/537.36 (KHTML, like Gecko) Chrome/87.0.4280.88 Safari/537.36"
::1 - - [10/Dec/2020:17:57:37 +0000] "GET /home HTTP/1.1" 304 - "-" "Mozilla/5.0 (Windows NT 10.0; Win64; x64) AppleWebKit/537.36 (KHTML, like Gecko) Chrome/87.0.4280.88 Safari/537.36"
::1 - - [10/Dec/2020:17:57:37 +0000] "GET /CSS/footer.scss HTTP/1.1" 404 154 "http://localhost:8000/home" "Mozilla/5.0 (Windows NT 10.0; Win64; x64) AppleWebKit/537.36 (KHTML, like Gecko) Chrome/87.0.4280.88 Safari/537.36"
::1 - - [10/Dec/2020:18:10:15 +0000] "GET /home HTTP/1.1" 200 3217 "-" "Mozilla/5.0 (Windows NT 10.0; Win64; x64) AppleWebKit/537.36 (KHTML, like Gecko) Chrome/87.0.4280.88 Safari/537.36"
::1 - - [10/Dec/2020:18:10:15 +0000] "GET /CSS/footer.scss HTTP/1.1" 404 154 "http://localhost:8000/home" "Mozilla/5.0 (Windows NT 10.0; Win64; x64) AppleWebKit/537.36 (KHTML, like Gecko) Chrome/87.0.4280.88 Safari/537.36"
::1 - - [10/Dec/2020:18:16:47 +0000] "GET /home HTTP/1.1" 304 - "-" "Mozilla/5.0 (Windows NT 10.0; Win64; x64) AppleWebKit/537.36 (KHTML, like Gecko) Chrome/87.0.4280.88 Safari/537.36"
::1 - - [10/Dec/2020:18:16:47 +0000] "GET /CSS/footer.scss HTTP/1.1" 404 154 "http://localhost:8000/home" "Mozilla/5.0 (Windows NT 10.0; Win64; x64) AppleWebKit/537.36 (KHTML, like Gecko) Chrome/87.0.4280.88 Safari/537.36"
::1 - - [10/Dec/2020:18:16:47 +0000] "GET /CSS/footer.scss HTTP/1.1" 404 154 "http://localhost:8000/home" "Mozilla/5.0 (Windows NT 10.0; Win64; x64) AppleWebKit/537.36 (KHTML, like Gecko) Chrome/87.0.4280.88 Safari/537.36"
::1 - - [10/Dec/2020:18:17:10 +0000] "GET /home HTTP/1.1" 304 - "-" "Mozilla/5.0 (Windows NT 10.0; Win64; x64) AppleWebKit/537.36 (KHTML, like Gecko) Chrome/87.0.4280.88 Safari/537.36"
::1 - - [10/Dec/2020:18:17:10 +0000] "GET /CSS/footer.scss HTTP/1.1" 404 154 "http://localhost:8000/home" "Mozilla/5.0 (Windows NT 10.0; Win64; x64) AppleWebKit/537.36 (KHTML, like Gecko) Chrome/87.0.4280.88 Safari/537.36"
::1 - - [10/Dec/2020:18:17:10 +0000] "GET /CSS/footer.scss HTTP/1.1" 404 154 "http://localhost:8000/home" "Mozilla/5.0 (Windows NT 10.0; Win64; x64) AppleWebKit/537.36 (KHTML, like Gecko) Chrome/87.0.4280.88 Safari/537.36"
::1 - - [10/Dec/2020:18:18:09 +0000] "GET /home HTTP/1.1" 200 3217 "-" "Mozilla/5.0 (Windows NT 10.0; Win64; x64) AppleWebKit/537.36 (KHTML, like Gecko) Chrome/87.0.4280.88 Safari/537.36"
::1 - - [10/Dec/2020:18:18:09 +0000] "GET /CSS/newayout.css HTTP/1.1" 404 155 "http://localhost:8000/home" "Mozilla/5.0 (Windows NT 10.0; Win64; x64) AppleWebKit/537.36 (KHTML, like Gecko) Chrome/87.0.4280.88 Safari/537.36"
::1 - - [10/Dec/2020:18:18:09 +0000] "GET /SCSS/header_style.scss HTTP/1.1" 404 161 "http://localhost:8000/home" "Mozilla/5.0 (Windows NT 10.0; Win64; x64) AppleWebKit/537.36 (KHTML, like Gecko) Chrome/87.0.4280.88 Safari/537.36"
::1 - - [10/Dec/2020:18:18:09 +0000] "GET /CSS/footer.scss HTTP/1.1" 404 154 "http://localhost:8000/home" "Mozilla/5.0 (Windows NT 10.0; Win64; x64) AppleWebKit/537.36 (KHTML, like Gecko) Chrome/87.0.4280.88 Safari/537.36"
::1 - - [10/Dec/2020:18:18:09 +0000] "GET /CSS/chat_box.css HTTP/1.1" 404 155 "http://localhost:8000/home" "Mozilla/5.0 (Windows NT 10.0; Win64; x64) AppleWebKit/537.36 (KHTML, like Gecko) Chrome/87.0.4280.88 Safari/537.36"
::1 - - [10/Dec/2020:18:18:09 +0000] "GET /CSS/header_style.css HTTP/1.1" 404 159 "http://localhost:8000/home" "Mozilla/5.0 (Windows NT 10.0; Win64; x64) AppleWebKit/537.36 (KHTML, like Gecko) Chrome/87.0.4280.88 Safari/537.36"
::1 - - [10/Dec/2020:18:18:09 +0000] "GET /JS/comment_ajax.js HTTP/1.1" 404 157 "http://localhost:8000/home" "Mozilla/5.0 (Windows NT 10.0; Win64; x64) AppleWebKit/537.36 (KHTML, like Gecko) Chrome/87.0.4280.88 Safari/537.36"
::1 - - [10/Dec/2020:18:18:09 +0000] "GET /JS/tooglelike.js HTTP/1.1" 404 155 "http://localhost:8000/home" "Mozilla/5.0 (Windows NT 10.0; Win64; x64) AppleWebKit/537.36 (KHTML, like Gecko) Chrome/87.0.4280.88 Safari/537.36"
::1 - - [10/Dec/2020:18:18:09 +0000] "GET /JS/chat_engine.js HTTP/1.1" 404 156 "http://localhost:8000/home" "Mozilla/5.0 (Windows NT 10.0; Win64; x64) AppleWebKit/537.36 (KHTML, like Gecko) Chrome/87.0.4280.88 Safari/537.36"
::1 - - [10/Dec/2020:18:18:09 +0000] "GET /CSS/chat_box.css HTTP/1.1" 404 155 "http://localhost:8000/home" "Mozilla/5.0 (Windows NT 10.0; Win64; x64) AppleWebKit/537.36 (KHTML, like Gecko) Chrome/87.0.4280.88 Safari/537.36"
::1 - - [10/Dec/2020:18:18:09 +0000] "GET /CSS/newayout.css HTTP/1.1" 404 155 "http://localhost:8000/home" "Mozilla/5.0 (Windows NT 10.0; Win64; x64) AppleWebKit/537.36 (KHTML, like Gecko) Chrome/87.0.4280.88 Safari/537.36"
::1 - - [10/Dec/2020:18:18:09 +0000] "GET /CSS/footer.css HTTP/1.1" 404 153 "http://localhost:8000/home" "Mozilla/5.0 (Windows NT 10.0; Win64; x64) AppleWebKit/537.36 (KHTML, like Gecko) Chrome/87.0.4280.88 Safari/537.36"
::1 - - [10/Dec/2020:18:18:09 +0000] "GET /JS/comment_ajax.js HTTP/1.1" 404 157 "http://localhost:8000/home" "Mozilla/5.0 (Windows NT 10.0; Win64; x64) AppleWebKit/537.36 (KHTML, like Gecko) Chrome/87.0.4280.88 Safari/537.36"
::1 - - [10/Dec/2020:18:18:10 +0000] "GET /JS/post_ajax.js HTTP/1.1" 404 154 "http://localhost:8000/home" "Mozilla/5.0 (Windows NT 10.0; Win64; x64) AppleWebKit/537.36 (KHTML, like Gecko) Chrome/87.0.4280.88 Safari/537.36"
::1 - - [10/Dec/2020:18:18:10 +0000] "GET /JS/comment_ajax.js HTTP/1.1" 404 157 "http://localhost:8000/home" "Mozilla/5.0 (Windows NT 10.0; Win64; x64) AppleWebKit/537.36 (KHTML, like Gecko) Chrome/87.0.4280.88 Safari/537.36"
::1 - - [10/Dec/2020:18:18:10 +0000] "GET /JS/tooglelike.js HTTP/1.1" 404 155 "http://localhost:8000/home" "Mozilla/5.0 (Windows NT 10.0; Win64; x64) AppleWebKit/537.36 (KHTML, like Gecko) Chrome/87.0.4280.88 Safari/537.36"
::1 - - [10/Dec/2020:18:18:10 +0000] "GET /JS/toggle_comment.js HTTP/1.1" 404 159 "http://localhost:8000/home" "Mozilla/5.0 (Windows NT 10.0; Win64; x64) AppleWebKit/537.36 (KHTML, like Gecko) Chrome/87.0.4280.88 Safari/537.36"
::1 - - [10/Dec/2020:18:18:10 +0000] "GET /JS/chat_engine.js HTTP/1.1" 404 156 "http://localhost:8000/home" "Mozilla/5.0 (Windows NT 10.0; Win64; x64) AppleWebKit/537.36 (KHTML, like Gecko) Chrome/87.0.4280.88 Safari/537.36"
::1 - - [10/Dec/2020:18:18:17 +0000] "GET /home HTTP/1.1" 304 - "http://localhost:8000/home" "Mozilla/5.0 (Windows NT 10.0; Win64; x64) AppleWebKit/537.36 (KHTML, like Gecko) Chrome/87.0.4280.88 Safari/537.36"
::1 - - [10/Dec/2020:18:18:17 +0000] "GET /CSS/newayout.css HTTP/1.1" 404 155 "http://localhost:8000/home" "Mozilla/5.0 (Windows NT 10.0; Win64; x64) AppleWebKit/537.36 (KHTML, like Gecko) Chrome/87.0.4280.88 Safari/537.36"
::1 - - [10/Dec/2020:18:18:17 +0000] "GET /SCSS/header_style.scss HTTP/1.1" 404 161 "http://localhost:8000/home" "Mozilla/5.0 (Windows NT 10.0; Win64; x64) AppleWebKit/537.36 (KHTML, like Gecko) Chrome/87.0.4280.88 Safari/537.36"
::1 - - [10/Dec/2020:18:18:17 +0000] "GET /CSS/home.css HTTP/1.1" 404 151 "http://localhost:8000/home" "Mozilla/5.0 (Windows NT 10.0; Win64; x64) AppleWebKit/537.36 (KHTML, like Gecko) Chrome/87.0.4280.88 Safari/537.36"
::1 - - [10/Dec/2020:18:18:17 +0000] "GET /CSS/header_style.css HTTP/1.1" 404 159 "http://localhost:8000/home" "Mozilla/5.0 (Windows NT 10.0; Win64; x64) AppleWebKit/537.36 (KHTML, like Gecko) Chrome/87.0.4280.88 Safari/537.36"
::1 - - [10/Dec/2020:18:18:18 +0000] "GET /CSS/footer.css HTTP/1.1" 404 153 "http://localhost:8000/home" "Mozilla/5.0 (Windows NT 10.0; Win64; x64) AppleWebKit/537.36 (KHTML, like Gecko) Chrome/87.0.4280.88 Safari/537.36"
::1 - - [10/Dec/2020:18:18:18 +0000] "GET /JS/tooglelike.js HTTP/1.1" 404 155 "http://localhost:8000/home" "Mozilla/5.0 (Windows NT 10.0; Win64; x64) AppleWebKit/537.36 (KHTML, like Gecko) Chrome/87.0.4280.88 Safari/537.36"
::1 - - [10/Dec/2020:18:18:18 +0000] "GET /JS/toggle_comment.js HTTP/1.1" 404 159 "http://localhost:8000/home" "Mozilla/5.0 (Windows NT 10.0; Win64; x64) AppleWebKit/537.36 (KHTML, like Gecko) Chrome/87.0.4280.88 Safari/537.36"
::1 - - [10/Dec/2020:18:18:18 +0000] "GET /CSS/newayout.css HTTP/1.1" 404 155 "http://localhost:8000/home" "Mozilla/5.0 (Windows NT 10.0; Win64; x64) AppleWebKit/537.36 (KHTML, like Gecko) Chrome/87.0.4280.88 Safari/537.36"
::1 - - [10/Dec/2020:18:18:18 +0000] "GET /SCSS/header_style.scss HTTP/1.1" 404 161 "http://localhost:8000/home" "Mozilla/5.0 (Windows NT 10.0; Win64; x64) AppleWebKit/537.36 (KHTML, like Gecko) Chrome/87.0.4280.88 Safari/537.36"
::1 - - [10/Dec/2020:18:18:18 +0000] "GET /CSS/footer.scss HTTP/1.1" 404 154 "http://localhost:8000/home" "Mozilla/5.0 (Windows NT 10.0; Win64; x64) AppleWebKit/537.36 (KHTML, like Gecko) Chrome/87.0.4280.88 Safari/537.36"
::1 - - [10/Dec/2020:18:18:18 +0000] "GET /CSS/footer.css HTTP/1.1" 404 153 "http://localhost:8000/home" "Mozilla/5.0 (Windows NT 10.0; Win64; x64) AppleWebKit/537.36 (KHTML, like Gecko) Chrome/87.0.4280.88 Safari/537.36"
::1 - - [10/Dec/2020:18:18:18 +0000] "GET /JS/comment_ajax.js HTTP/1.1" 404 157 "http://localhost:8000/home" "Mozilla/5.0 (Windows NT 10.0; Win64; x64) AppleWebKit/537.36 (KHTML, like Gecko) Chrome/87.0.4280.88 Safari/537.36"
::1 - - [10/Dec/2020:18:18:18 +0000] "GET /JS/post_ajax.js HTTP/1.1" 404 154 "http://localhost:8000/home" "Mozilla/5.0 (Windows NT 10.0; Win64; x64) AppleWebKit/537.36 (KHTML, like Gecko) Chrome/87.0.4280.88 Safari/537.36"
::1 - - [10/Dec/2020:18:18:18 +0000] "GET /JS/comment_ajax.js HTTP/1.1" 404 157 "http://localhost:8000/home" "Mozilla/5.0 (Windows NT 10.0; Win64; x64) AppleWebKit/537.36 (KHTML, like Gecko) Chrome/87.0.4280.88 Safari/537.36"
::1 - - [10/Dec/2020:18:18:18 +0000] "GET /JS/chat_engine.js HTTP/1.1" 404 156 "http://localhost:8000/home" "Mozilla/5.0 (Windows NT 10.0; Win64; x64) AppleWebKit/537.36 (KHTML, like Gecko) Chrome/87.0.4280.88 Safari/537.36"
::1 - - [10/Dec/2020:18:18:18 +0000] "GET /JS/tooglelike.js HTTP/1.1" 404 155 "http://localhost:8000/home" "Mozilla/5.0 (Windows NT 10.0; Win64; x64) AppleWebKit/537.36 (KHTML, like Gecko) Chrome/87.0.4280.88 Safari/537.36"
::1 - - [10/Dec/2020:18:18:18 +0000] "GET /JS/toggle_comment.js HTTP/1.1" 404 159 "http://localhost:8000/home" "Mozilla/5.0 (Windows NT 10.0; Win64; x64) AppleWebKit/537.36 (KHTML, like Gecko) Chrome/87.0.4280.88 Safari/537.36"
::1 - - [10/Dec/2020:18:18:27 +0000] "GET /signin/page HTTP/1.1" 304 - "http://localhost:8000/home" "Mozilla/5.0 (Windows NT 10.0; Win64; x64) AppleWebKit/537.36 (KHTML, like Gecko) Chrome/87.0.4280.88 Safari/537.36"
::1 - - [10/Dec/2020:18:18:27 +0000] "GET /CSS/newayout.css HTTP/1.1" 404 155 "http://localhost:8000/signin/page" "Mozilla/5.0 (Windows NT 10.0; Win64; x64) AppleWebKit/537.36 (KHTML, like Gecko) Chrome/87.0.4280.88 Safari/537.36"
::1 - - [10/Dec/2020:18:18:27 +0000] "GET /CSS/footer.css HTTP/1.1" 404 153 "http://localhost:8000/signin/page" "Mozilla/5.0 (Windows NT 10.0; Win64; x64) AppleWebKit/537.36 (KHTML, like Gecko) Chrome/87.0.4280.88 Safari/537.36"
::1 - - [10/Dec/2020:18:18:27 +0000] "GET /SCSS/header_style.scss HTTP/1.1" 404 161 "http://localhost:8000/signin/page" "Mozilla/5.0 (Windows NT 10.0; Win64; x64) AppleWebKit/537.36 (KHTML, like Gecko) Chrome/87.0.4280.88 Safari/537.36"
::1 - - [10/Dec/2020:18:18:27 +0000] "GET /CSS/header_style.css HTTP/1.1" 404 159 "http://localhost:8000/signin/page" "Mozilla/5.0 (Windows NT 10.0; Win64; x64) AppleWebKit/537.36 (KHTML, like Gecko) Chrome/87.0.4280.88 Safari/537.36"
::1 - - [10/Dec/2020:18:18:28 +0000] "GET /CSS/newayout.css HTTP/1.1" 404 155 "http://localhost:8000/signin/page" "Mozilla/5.0 (Windows NT 10.0; Win64; x64) AppleWebKit/537.36 (KHTML, like Gecko) Chrome/87.0.4280.88 Safari/537.36"
::1 - - [10/Dec/2020:18:18:28 +0000] "GET /SCSS/header_style.scss HTTP/1.1" 404 161 "http://localhost:8000/signin/page" "Mozilla/5.0 (Windows NT 10.0; Win64; x64) AppleWebKit/537.36 (KHTML, like Gecko) Chrome/87.0.4280.88 Safari/537.36"
::1 - - [10/Dec/2020:18:18:28 +0000] "GET /CSS/footer.scss HTTP/1.1" 404 154 "http://localhost:8000/signin/page" "Mozilla/5.0 (Windows NT 10.0; Win64; x64) AppleWebKit/537.36 (KHTML, like Gecko) Chrome/87.0.4280.88 Safari/537.36"
